I, [2021-02-15T13:23:40.901960 #79862]  INFO -- : Cleared interactions
I, [2021-02-15T13:23:40.907682 #79862]  INFO -- : Registered expected interaction GET /me
D, [2021-02-15T13:23:40.908249 #79862] DEBUG -- : {
  "description": "A request for the profile information",
  "providerState": "A user with the correct ID exists",
  "request": {
    "method": "get",
    "path": "/me",
    "headers": {
      "Content-Type": "application/json",
      "Accept": "application/json",
      "Authorization": {
        "json_class": "Pact::Term",
        "data": {
          "generate": "Bearer eyJhbGciOiJIUzI1NiIsInR5cCI6IkpXVCJ9.eyJzdWIiOiIxMjM0NTY3ODkwIiwibmFtZSI6IkpvaG4gRG9lIiwiaWF0IjoxNTE2MjM5MDIyfQ.SflKxwRJSMeKKF2QT4fwpMeJf36POk6yJV_adQssw5c",
          "matcher": {
            "json_class": "Regexp",
            "o": 0,
            "s": "Bearer (.*?)"
          }
        }
      }
    }
  },
  "response": {
    "status": 200,
    "headers": {
      "Content-Type": "application/json"
    },
    "body": {
      "self": {
        "phoneNumber": {
          "json_class": "Pact::Term",
          "data": {
            "generate": "3033033333",
            "matcher": {
              "json_class": "Regexp",
              "o": 0,
              "s": "\\d{10}"
            }
          }
        },
        "address": {
          "line2": {
            "json_class": "Pact::SomethingLike",
            "contents": ""
          },
          "city": {
            "json_class": "Pact::SomethingLike",
            "contents": "Denver"
          },
          "stateOrProvince": {
            "json_class": "Pact::SomethingLike",
            "contents": "CA"
          },
          "line1": {
            "json_class": "Pact::SomethingLike",
            "contents": "111 Fake st"
          },
          "zipCode": {
            "json_class": "Pact::SomethingLike",
            "contents": "80202"
          },
          "countryCode": "US"
        },
        "email": {
          "json_class": "Pact::Term",
          "data": {
            "generate": "arielleankunding3352@kohler.org",
            "matcher": {
              "json_class": "Regexp",
              "o": 0,
              "s": "(.*)@(.*)"
            }
          }
        },
        "firstName": {
          "json_class": "Pact::SomethingLike",
          "contents": "Joe"
        },
        "lastName": {
          "json_class": "Pact::SomethingLike",
          "contents": "Blow"
        },
        "dateOfBirth": {
          "json_class": "Pact::Term",
          "data": {
            "generate": "1990-03-26T00:00:00",
            "matcher": {
              "json_class": "Regexp",
              "o": 0,
              "s": "(\\d{4})-(\\d{2})-(\\d{2})T(\\d{2}):(\\d{2}):(\\d{2})"
            }
          }
        }
      },
      "username": {
        "json_class": "Pact::SomethingLike",
        "contents": "arielleankunding3352@kohler.org"
      },
      "termsAcceptedDate": {
        "json_class": "Pact::Term",
        "data": {
          "generate": "2018-07-26T19:33:46.8381401",
          "matcher": {
            "json_class": "Regexp",
            "o": 0,
            "s": "(\\d{4})-(\\d{2})-(\\d{2})T(\\d{2}):(\\d{2}):(\\d{2})\\.(\\d+)"
          }
        }
      },
      "isVerified": {
        "json_class": "Pact::SomethingLike",
        "contents": true
      },
      "isTermsAccepted": {
        "json_class": "Pact::SomethingLike",
        "contents": true
      },
      "createdDate": {
        "json_class": "Pact::Term",
        "data": {
          "generate": "2018-07-26T19:33:46.6818918",
          "matcher": {
            "json_class": "Regexp",
            "o": 0,
            "s": "(\\d{4})-(\\d{2})-(\\d{2})T(\\d{2}):(\\d{2}):(\\d{2})\\.(\\d+)"
          }
        }
      }
    }
  },
  "metadata": null
}
I, [2021-02-15T13:23:40.917969 #79862]  INFO -- : Received request GET /me
D, [2021-02-15T13:23:40.918539 #79862] DEBUG -- : {
  "path": "/me",
  "query": "",
  "method": "get",
  "headers": {
    "Content-Type": "application/json",
    "Host": "localhost:1234",
    "Connection": "keep-alive",
    "Accept": "application/json",
    "User-Agent": "CombineWithREST/1 CFNetwork/1220.1 Darwin/19.6.0",
    "Authorization": "Bearer eyJhbGciOiJIUzI1NiIsInR5cCI6IkpXVCJ9.eyJzdWIiOiIxMjM0NTY3ODkwIiwibmFtZSI6IkpvaG4gRG9lIiwiaWF0IjoxNTE2MjM5MDIyfQ.SflKxwRJSMeKKF2QT4fwpMeJf36POk6yJV_adQssw5c",
    "Accept-Language": "en-us",
    "Accept-Encoding": "gzip, deflate",
    "Version": "HTTP/1.1"
  }
}
I, [2021-02-15T13:23:40.919120 #79862]  INFO -- : Found matching response for GET /me
D, [2021-02-15T13:23:40.919634 #79862] DEBUG -- : {
  "status": 200,
  "headers": {
    "Content-Type": "application/json"
  },
  "body": {
    "self": {
      "phoneNumber": {
        "json_class": "Pact::Term",
        "data": {
          "generate": "3033033333",
          "matcher": {
            "json_class": "Regexp",
            "o": 0,
            "s": "\\d{10}"
          }
        }
      },
      "address": {
        "line2": {
          "json_class": "Pact::SomethingLike",
          "contents": ""
        },
        "city": {
          "json_class": "Pact::SomethingLike",
          "contents": "Denver"
        },
        "stateOrProvince": {
          "json_class": "Pact::SomethingLike",
          "contents": "CA"
        },
        "line1": {
          "json_class": "Pact::SomethingLike",
          "contents": "111 Fake st"
        },
        "zipCode": {
          "json_class": "Pact::SomethingLike",
          "contents": "80202"
        },
        "countryCode": "US"
      },
      "email": {
        "json_class": "Pact::Term",
        "data": {
          "generate": "arielleankunding3352@kohler.org",
          "matcher": {
            "json_class": "Regexp",
            "o": 0,
            "s": "(.*)@(.*)"
          }
        }
      },
      "firstName": {
        "json_class": "Pact::SomethingLike",
        "contents": "Joe"
      },
      "lastName": {
        "json_class": "Pact::SomethingLike",
        "contents": "Blow"
      },
      "dateOfBirth": {
        "json_class": "Pact::Term",
        "data": {
          "generate": "1990-03-26T00:00:00",
          "matcher": {
            "json_class": "Regexp",
            "o": 0,
            "s": "(\\d{4})-(\\d{2})-(\\d{2})T(\\d{2}):(\\d{2}):(\\d{2})"
          }
        }
      }
    },
    "username": {
      "json_class": "Pact::SomethingLike",
      "contents": "arielleankunding3352@kohler.org"
    },
    "termsAcceptedDate": {
      "json_class": "Pact::Term",
      "data": {
        "generate": "2018-07-26T19:33:46.8381401",
        "matcher": {
          "json_class": "Regexp",
          "o": 0,
          "s": "(\\d{4})-(\\d{2})-(\\d{2})T(\\d{2}):(\\d{2}):(\\d{2})\\.(\\d+)"
        }
      }
    },
    "isVerified": {
      "json_class": "Pact::SomethingLike",
      "contents": true
    },
    "isTermsAccepted": {
      "json_class": "Pact::SomethingLike",
      "contents": true
    },
    "createdDate": {
      "json_class": "Pact::Term",
      "data": {
        "generate": "2018-07-26T19:33:46.6818918",
        "matcher": {
          "json_class": "Regexp",
          "o": 0,
          "s": "(\\d{4})-(\\d{2})-(\\d{2})T(\\d{2}):(\\d{2}):(\\d{2})\\.(\\d+)"
        }
      }
    }
  }
}
I, [2021-02-15T13:23:40.925193 #79862]  INFO -- : Verifying - interactions matched
I, [2021-02-15T13:23:40.928979 #79862]  INFO -- : Writing pact for IdentityService to /Users/meadowh/workspace/tdd/tdd-201-apple-platforms/CombineWithREST/tmp/pacts/combine-iosapp-identityservice.json
I, [2021-02-15T13:23:40.948832 #79862]  INFO -- : Cleared interactions
I, [2021-02-15T13:23:40.954049 #79862]  INFO -- : Registered expected interaction GET /me
D, [2021-02-15T13:23:40.954555 #79862] DEBUG -- : {
  "description": "A request for the profile information",
  "providerState": "A user with a preferred name and the correct ID exists",
  "request": {
    "method": "get",
    "path": "/me",
    "headers": {
      "Content-Type": "application/json",
      "Authorization": {
        "json_class": "Pact::Term",
        "data": {
          "generate": "Bearer eyJhbGciOiJIUzI1NiIsInR5cCI6IkpXVCJ9.eyJzdWIiOiIxMjM0NTY3ODkwIiwibmFtZSI6IkpvaG4gRG9lIiwiaWF0IjoxNTE2MjM5MDIyfQ.SflKxwRJSMeKKF2QT4fwpMeJf36POk6yJV_adQssw5c",
          "matcher": {
            "json_class": "Regexp",
            "o": 0,
            "s": "Bearer (.*?)"
          }
        }
      },
      "Accept": "application/json"
    }
  },
  "response": {
    "status": 200,
    "headers": {
      "Content-Type": "application/json"
    },
    "body": {
      "self": {
        "preferredName": {
          "json_class": "Pact::SomethingLike",
          "contents": "Joey"
        },
        "phoneNumber": {
          "json_class": "Pact::Term",
          "data": {
            "generate": "3033033333",
            "matcher": {
              "json_class": "Regexp",
              "o": 0,
              "s": "\\d{10}"
            }
          }
        },
        "address": {
          "line1": {
            "json_class": "Pact::SomethingLike",
            "contents": "111 Fake st"
          },
          "stateOrProvince": {
            "json_class": "Pact::SomethingLike",
            "contents": "CA"
          },
          "countryCode": "US",
          "line2": {
            "json_class": "Pact::SomethingLike",
            "contents": ""
          },
          "city": {
            "json_class": "Pact::SomethingLike",
            "contents": "Denver"
          },
          "zipCode": {
            "json_class": "Pact::SomethingLike",
            "contents": "80202"
          }
        },
        "firstName": {
          "json_class": "Pact::SomethingLike",
          "contents": "Joe"
        },
        "lastName": {
          "json_class": "Pact::SomethingLike",
          "contents": "Blow"
        },
        "dateOfBirth": {
          "json_class": "Pact::Term",
          "data": {
            "generate": "1990-03-26T00:00:00",
            "matcher": {
              "json_class": "Regexp",
              "o": 0,
              "s": "(\\d{4})-(\\d{2})-(\\d{2})T(\\d{2}):(\\d{2}):(\\d{2})"
            }
          }
        },
        "email": {
          "json_class": "Pact::Term",
          "data": {
            "generate": "myrtieschneider3216@barrows.name",
            "matcher": {
              "json_class": "Regexp",
              "o": 0,
              "s": "(.*)@(.*)"
            }
          }
        }
      },
      "isVerified": {
        "json_class": "Pact::SomethingLike",
        "contents": true
      },
      "username": {
        "json_class": "Pact::SomethingLike",
        "contents": "myrtieschneider3216@barrows.name"
      },
      "termsAcceptedDate": {
        "json_class": "Pact::Term",
        "data": {
          "generate": "2018-07-26T19:33:46.8381401",
          "matcher": {
            "json_class": "Regexp",
            "o": 0,
            "s": "(\\d{4})-(\\d{2})-(\\d{2})T(\\d{2}):(\\d{2}):(\\d{2})\\.(\\d+)"
          }
        }
      },
      "isTermsAccepted": {
        "json_class": "Pact::SomethingLike",
        "contents": true
      },
      "createdDate": {
        "json_class": "Pact::Term",
        "data": {
          "generate": "2018-07-26T19:33:46.6818918",
          "matcher": {
            "json_class": "Regexp",
            "o": 0,
            "s": "(\\d{4})-(\\d{2})-(\\d{2})T(\\d{2}):(\\d{2}):(\\d{2})\\.(\\d+)"
          }
        }
      }
    }
  },
  "metadata": null
}
I, [2021-02-15T13:23:40.959624 #79862]  INFO -- : Received request GET /me
D, [2021-02-15T13:23:40.960021 #79862] DEBUG -- : {
  "path": "/me",
  "query": "",
  "method": "get",
  "headers": {
    "Content-Type": "application/json",
    "Host": "localhost:1234",
    "Connection": "keep-alive",
    "Accept": "application/json",
    "User-Agent": "CombineWithREST/1 CFNetwork/1220.1 Darwin/19.6.0",
    "Authorization": "Bearer eyJhbGciOiJIUzI1NiIsInR5cCI6IkpXVCJ9.eyJzdWIiOiIxMjM0NTY3ODkwIiwibmFtZSI6IkpvaG4gRG9lIiwiaWF0IjoxNTE2MjM5MDIyfQ.SflKxwRJSMeKKF2QT4fwpMeJf36POk6yJV_adQssw5c",
    "Accept-Language": "en-us",
    "Accept-Encoding": "gzip, deflate",
    "Version": "HTTP/1.1"
  }
}
I, [2021-02-15T13:23:40.960425 #79862]  INFO -- : Found matching response for GET /me
D, [2021-02-15T13:23:40.960938 #79862] DEBUG -- : {
  "status": 200,
  "headers": {
    "Content-Type": "application/json"
  },
  "body": {
    "self": {
      "preferredName": {
        "json_class": "Pact::SomethingLike",
        "contents": "Joey"
      },
      "phoneNumber": {
        "json_class": "Pact::Term",
        "data": {
          "generate": "3033033333",
          "matcher": {
            "json_class": "Regexp",
            "o": 0,
            "s": "\\d{10}"
          }
        }
      },
      "address": {
        "line1": {
          "json_class": "Pact::SomethingLike",
          "contents": "111 Fake st"
        },
        "stateOrProvince": {
          "json_class": "Pact::SomethingLike",
          "contents": "CA"
        },
        "countryCode": "US",
        "line2": {
          "json_class": "Pact::SomethingLike",
          "contents": ""
        },
        "city": {
          "json_class": "Pact::SomethingLike",
          "contents": "Denver"
        },
        "zipCode": {
          "json_class": "Pact::SomethingLike",
          "contents": "80202"
        }
      },
      "firstName": {
        "json_class": "Pact::SomethingLike",
        "contents": "Joe"
      },
      "lastName": {
        "json_class": "Pact::SomethingLike",
        "contents": "Blow"
      },
      "dateOfBirth": {
        "json_class": "Pact::Term",
        "data": {
          "generate": "1990-03-26T00:00:00",
          "matcher": {
            "json_class": "Regexp",
            "o": 0,
            "s": "(\\d{4})-(\\d{2})-(\\d{2})T(\\d{2}):(\\d{2}):(\\d{2})"
          }
        }
      },
      "email": {
        "json_class": "Pact::Term",
        "data": {
          "generate": "myrtieschneider3216@barrows.name",
          "matcher": {
            "json_class": "Regexp",
            "o": 0,
            "s": "(.*)@(.*)"
          }
        }
      }
    },
    "isVerified": {
      "json_class": "Pact::SomethingLike",
      "contents": true
    },
    "username": {
      "json_class": "Pact::SomethingLike",
      "contents": "myrtieschneider3216@barrows.name"
    },
    "termsAcceptedDate": {
      "json_class": "Pact::Term",
      "data": {
        "generate": "2018-07-26T19:33:46.8381401",
        "matcher": {
          "json_class": "Regexp",
          "o": 0,
          "s": "(\\d{4})-(\\d{2})-(\\d{2})T(\\d{2}):(\\d{2}):(\\d{2})\\.(\\d+)"
        }
      }
    },
    "isTermsAccepted": {
      "json_class": "Pact::SomethingLike",
      "contents": true
    },
    "createdDate": {
      "json_class": "Pact::Term",
      "data": {
        "generate": "2018-07-26T19:33:46.6818918",
        "matcher": {
          "json_class": "Regexp",
          "o": 0,
          "s": "(\\d{4})-(\\d{2})-(\\d{2})T(\\d{2}):(\\d{2}):(\\d{2})\\.(\\d+)"
        }
      }
    }
  }
}
I, [2021-02-15T13:23:40.965621 #79862]  INFO -- : Verifying - interactions matched
I, [2021-02-15T13:23:40.969753 #79862]  INFO -- : Writing pact for IdentityService to /Users/meadowh/workspace/tdd/tdd-201-apple-platforms/CombineWithREST/tmp/pacts/combine-iosapp-identityservice.json
I, [2021-02-15T13:23:40.981490 #79862]  INFO -- : Cleared interactions
I, [2021-02-15T13:23:40.986009 #79862]  INFO -- : Registered expected interaction GET /me
D, [2021-02-15T13:23:40.986426 #79862] DEBUG -- : {
  "description": "A request with an invalid access token",
  "providerState": "A user is not logged in",
  "request": {
    "method": "get",
    "path": "/me",
    "headers": {
      "Content-Type": "application/json",
      "Authorization": {
        "json_class": "Pact::Term",
        "data": {
          "generate": "Bearer eyJhbGciOiJIUzI1NiIsInR5cCI6IkpXVCJ9.eyJzdWIiOiIxMjM0NTY3ODkwIiwibmFtZSI6IkpvaG4gRG9lIiwiaWF0IjoxNTE2MjM5MDIyfQ.SflKxwRJSMeKKF2QT4fwpMeJf36POk6yJV_adQssw5c",
          "matcher": {
            "json_class": "Regexp",
            "o": 0,
            "s": "Bearer (.*?)"
          }
        }
      },
      "Accept": "application/json"
    }
  },
  "response": {
    "status": 401,
    "headers": {
    }
  },
  "metadata": null
}
I, [2021-02-15T13:23:40.986728 #79862]  INFO -- : Registered expected interaction POST /auth/refresh
D, [2021-02-15T13:23:40.987048 #79862] DEBUG -- : {
  "description": "A request with an invalid access token",
  "providerState": "A user is not logged in",
  "request": {
    "method": "post",
    "path": "/auth/refresh",
    "body": {
      "refreshToken": {
        "json_class": "Pact::SomethingLike",
        "contents": "eyJhbGciOiJIUzI1NiIsInR5cCI6IkpXVCJ9.eyJzdWIiOiIxMjM0NTY3ODkwIiwibmFtZSI6IkpvaG4gRG9lIiwiaWF0IjoxNTE2MjM5MDIyfQ.SflKxwRJSMeKKF2QT4fwpMeJf36POk6yJV_adQssw5c"
      }
    }
  },
  "response": {
    "status": 401,
    "headers": {
    }
  },
  "metadata": null
}
I, [2021-02-15T13:23:40.991147 #79862]  INFO -- : Received request GET /me
D, [2021-02-15T13:23:40.991552 #79862] DEBUG -- : {
  "path": "/me",
  "query": "",
  "method": "get",
  "headers": {
    "Content-Type": "application/json",
    "Host": "localhost:1234",
    "Connection": "keep-alive",
    "Accept": "application/json",
    "User-Agent": "CombineWithREST/1 CFNetwork/1220.1 Darwin/19.6.0",
    "Authorization": "Bearer eyJhbGciOiJIUzI1NiIsInR5cCI6IkpXVCJ9.eyJzdWIiOiIxMjM0NTY3ODkwIiwibmFtZSI6IkpvaG4gRG9lIiwiaWF0IjoxNTE2MjM5MDIyfQ.SflKxwRJSMeKKF2QT4fwpMeJf36POk6yJV_adQssw5c",
    "Accept-Language": "en-us",
    "Accept-Encoding": "gzip, deflate",
    "Version": "HTTP/1.1"
  }
}
I, [2021-02-15T13:23:40.992016 #79862]  INFO -- : Found matching response for GET /me
D, [2021-02-15T13:23:40.992368 #79862] DEBUG -- : {
  "status": 401,
  "headers": {
  }
}
I, [2021-02-15T13:23:41.016693 #79862]  INFO -- : Received request POST /auth/refresh
D, [2021-02-15T13:23:41.017161 #79862] DEBUG -- : {
  "path": "/auth/refresh",
  "query": "",
  "method": "post",
  "body": "{\"refreshToken\":\"eyJhbGciOiJIUzI1NiIsInR5cCI6IkpXVCJ9.eyJzdWIiOiIxMjM0NTY3ODkwIiwibmFtZSI6IkpvaG4gRG9lIiwiaWF0IjoxNTE2MjM5MDIyfQ.SflKxwRJSMeKKF2QT4fwpMeJf36POk6yJV_adQssw5c\"}",
  "headers": {
    "Content-Length": "174",
    "Content-Type": "application/x-www-form-urlencoded",
    "Host": "localhost:1234",
    "Connection": "keep-alive",
    "Accept": "*/*",
    "User-Agent": "CombineWithREST/1 CFNetwork/1220.1 Darwin/19.6.0",
    "Accept-Language": "en-us",
    "Accept-Encoding": "gzip, deflate",
    "Version": "HTTP/1.1"
  }
}
E, [2021-02-15T13:23:41.018416 #79862] ERROR -- : No matching interaction found for POST /auth/refresh
E, [2021-02-15T13:23:41.018726 #79862] ERROR -- : Interaction diffs for that route:
E, [2021-02-15T13:23:41.019729 #79862] ERROR -- : Diff with interaction: "A request with an invalid access token" given "A user is not logged in"
Diff
--------------------------------------
Key: - is expected 
     + is actual 
Matching keys and values are not shown

 {
-  "body": {
-    "refreshToken": "eyJhbGciOiJIUzI1NiIsInR5cCI6IkpXVCJ9.eyJzdWIiOiIxMjM0NTY3ODkwIiwibmFtZSI6IkpvaG4gRG9lIiwiaWF0IjoxNTE2MjM5MDIyfQ.SflKxwRJSMeKKF2QT4fwpMeJf36POk6yJV_adQssw5c"
-  }
+  "body": "{\"refreshToken\":\"eyJhbGciOiJIUzI1NiIsInR5cCI6IkpXVCJ9.eyJzdWIiOiIxMjM0NTY3ODkwIiwibmFtZSI6IkpvaG4gRG9lIiwiaWF0IjoxNTE2MjM5MDIyfQ.SflKxwRJSMeKKF2QT4fwpMeJf36POk6yJV_adQssw5c\"}"
 }

Description of differences
--------------------------------------
* Expected a Hash (like {"refreshToken"=>"eyJhbGciOiJIUzI1NiIsInR5cCI6IkpXVCJ9.eyJzdWIiOiIxMjM0NTY3ODkwIiwibmFtZSI6IkpvaG4gRG9lIiwiaWF0IjoxNTE2MjM5MDIyfQ.SflKxwRJSMeKKF2QT4fwpMeJf36POk6yJV_adQssw5c"}) but got a String ("{\"refreshToken\":\"eyJhbGciOiJIUzI1NiIsInR5cCI6IkpXVCJ9.eyJzdWIiOiIxMjM0NTY3ODkwIiwibmFtZSI6IkpvaG4gRG9lIiwiaWF0IjoxNTE2MjM5MDIyfQ.SflKxwRJSMeKKF2QT4fwpMeJf36POk6yJV_adQssw5c\"}") at $.body

W, [2021-02-15T13:23:41.024040 #79862]  WARN -- : Verifying - actual interactions do not match expected interactions. 
Incorrect requests:
	POST /auth/refresh (request body did not match)


W, [2021-02-15T13:23:41.024361 #79862]  WARN -- : Incorrect requests:
	POST /auth/refresh (request body did not match)


I, [2021-02-15T13:23:41.113711 #79862]  INFO -- : Cleared interactions
I, [2021-02-15T13:23:41.118461 #79862]  INFO -- : Registered expected interaction GET /me
D, [2021-02-15T13:23:41.118853 #79862] DEBUG -- : {
  "description": "A request with no access token",
  "providerState": "A user is not logged in",
  "request": {
    "method": "get",
    "path": "/me",
    "headers": {
      "Content-Type": "application/json",
      "Accept": "application/json",
      "Authorization": {
        "json_class": "Pact::SomethingLike",
        "contents": "Bearer "
      }
    }
  },
  "response": {
    "status": 401,
    "headers": {
    }
  },
  "metadata": null
}
I, [2021-02-15T13:23:41.119163 #79862]  INFO -- : Registered expected interaction POST /auth/refresh
D, [2021-02-15T13:23:41.119450 #79862] DEBUG -- : {
  "description": "A request with no access token",
  "providerState": "A user is not logged in",
  "request": {
    "method": "post",
    "path": "/auth/refresh",
    "body": {
      "refreshToken": {
        "json_class": "Pact::SomethingLike",
        "contents": ""
      }
    }
  },
  "response": {
    "status": 401,
    "headers": {
    }
  },
  "metadata": null
}
I, [2021-02-15T13:23:41.124009 #79862]  INFO -- : Received request GET /me
D, [2021-02-15T13:23:41.124373 #79862] DEBUG -- : {
  "path": "/me",
  "query": "",
  "method": "get",
  "headers": {
    "Content-Type": "application/json",
    "Host": "localhost:1234",
    "Connection": "keep-alive",
    "Accept": "application/json",
    "User-Agent": "CombineWithREST/1 CFNetwork/1220.1 Darwin/19.6.0",
    "Authorization": "Bearer",
    "Accept-Language": "en-us",
    "Accept-Encoding": "gzip, deflate",
    "Version": "HTTP/1.1"
  }
}
I, [2021-02-15T13:23:41.124764 #79862]  INFO -- : Found matching response for GET /me
D, [2021-02-15T13:23:41.125049 #79862] DEBUG -- : {
  "status": 401,
  "headers": {
  }
}
I, [2021-02-15T13:23:41.128665 #79862]  INFO -- : Received request POST /auth/refresh
D, [2021-02-15T13:23:41.129010 #79862] DEBUG -- : {
  "path": "/auth/refresh",
  "query": "",
  "method": "post",
  "body": "{\"refreshToken\":\"\"}",
  "headers": {
    "Content-Length": "19",
    "Content-Type": "application/x-www-form-urlencoded",
    "Host": "localhost:1234",
    "Connection": "keep-alive",
    "Accept": "*/*",
    "User-Agent": "CombineWithREST/1 CFNetwork/1220.1 Darwin/19.6.0",
    "Accept-Language": "en-us",
    "Accept-Encoding": "gzip, deflate",
    "Version": "HTTP/1.1"
  }
}
E, [2021-02-15T13:23:41.129674 #79862] ERROR -- : No matching interaction found for POST /auth/refresh
E, [2021-02-15T13:23:41.129925 #79862] ERROR -- : Interaction diffs for that route:
E, [2021-02-15T13:23:41.130630 #79862] ERROR -- : Diff with interaction: "A request with no access token" given "A user is not logged in"
Diff
--------------------------------------
Key: - is expected 
     + is actual 
Matching keys and values are not shown

 {
-  "body": {
-    "refreshToken": ""
-  }
+  "body": "{\"refreshToken\":\"\"}"
 }

Description of differences
--------------------------------------
* Expected a Hash but got a String ("{\"refreshToken\":\"\"}") at $.body

W, [2021-02-15T13:23:41.134689 #79862]  WARN -- : Verifying - actual interactions do not match expected interactions. 
Incorrect requests:
	POST /auth/refresh (request body did not match)


W, [2021-02-15T13:23:41.134990 #79862]  WARN -- : Incorrect requests:
	POST /auth/refresh (request body did not match)


